This is the Google Pub/Sub fake.
Implementation may be incomplete or differ from the real system.
Dec 16, 2023 12:13:03 PM com.google.cloud.pubsub.testing.v1.Main main
INFO: IAM integration is disabled. IAM policy methods and ACL checks are not supported
SLF4J: Failed to load class "org.slf4j.impl.StaticLoggerBinder".
SLF4J: Defaulting to no-operation (NOP) logger implementation
SLF4J: See http://www.slf4j.org/codes.html#StaticLoggerBinder for further details.
Dec 16, 2023 12:13:04 PM com.google.cloud.pubsub.testing.v1.Main main
INFO: Server started, listening on 8085
Dec 20, 2023 3:55:13 PM io.gapi.emulators.netty.HttpVersionRoutingHandler channelRead
INFO: Detected non-HTTP/2 connection.
Dec 20, 2023 3:55:13 PM io.gapi.emulators.netty.NotFoundHandler handleRequest
INFO: Unknown request URI: /status
Dec 21, 2023 11:53:14 AM io.gapi.emulators.netty.HttpVersionRoutingHandler channelRead
INFO: Detected non-HTTP/2 connection.
Dec 21, 2023 11:53:14 AM io.gapi.emulators.netty.NotFoundHandler handleRequest
INFO: Unknown request URI: /status
Dec 21, 2023 11:53:14 AM io.gapi.emulators.netty.HttpVersionRoutingHandler channelRead
INFO: Detected non-HTTP/2 connection.
Dec 21, 2023 11:53:14 AM io.gapi.emulators.netty.NotFoundHandler handleRequest
INFO: Unknown request URI: /status
Dec 21, 2023 11:53:15 AM io.gapi.emulators.netty.HttpVersionRoutingHandler channelRead
INFO: Detected non-HTTP/2 connection.
Dec 21, 2023 11:53:15 AM io.gapi.emulators.netty.NotFoundHandler handleRequest
INFO: Unknown request URI: /status
Dec 21, 2023 11:53:16 AM io.gapi.emulators.netty.HttpVersionRoutingHandler channelRead
INFO: Detected non-HTTP/2 connection.
Dec 21, 2023 11:53:16 AM io.gapi.emulators.netty.NotFoundHandler handleRequest
INFO: Unknown request URI: /status
Dec 21, 2023 11:53:18 AM io.gapi.emulators.netty.HttpVersionRoutingHandler channelRead
INFO: Detected non-HTTP/2 connection.
Dec 21, 2023 11:53:18 AM io.gapi.emulators.netty.NotFoundHandler handleRequest
INFO: Unknown request URI: /status
Dec 21, 2023 11:53:19 AM io.gapi.emulators.netty.HttpVersionRoutingHandler channelRead
INFO: Detected non-HTTP/2 connection.
Dec 21, 2023 11:53:19 AM io.gapi.emulators.netty.NotFoundHandler handleRequest
INFO: Unknown request URI: /status
